<?xml version="1.0" encoding="UTF-8"?>
<testsuite xmlns:xsi="http://www.w3.org/2001/XMLSchema-instance" xsi:noNamespaceSchemaLocation="https://maven.apache.org/surefire/maven-surefire-plugin/xsd/surefire-test-report.xsd" name="com.qainterview.testRunner.commentRunnerTest" time="1.102" tests="20" errors="2" skipped="1" failures="0">
  <properties>
    <property name="gopherProxySet" value="false"/>
    <property name="awt.toolkit" value="sun.lwawt.macosx.LWCToolkit"/>
    <property name="file.encoding.pkg" value="sun.io"/>
    <property name="java.specification.version" value="1.8"/>
    <property name="sun.cpu.isalist" value=""/>
    <property name="sun.jnu.encoding" value="UTF-8"/>
    <property name="java.class.path" value="/Users/tsun/workspace/projectone/target/test-classes:/Users/tsun/workspace/projectone/target/classes:/Users/tsun/.m2/repository/junit/junit/4.12/junit-4.12.jar:/Users/tsun/.m2/repository/org/hamcrest/hamcrest-core/1.3/hamcrest-core-1.3.jar:/Users/tsun/.m2/repository/info/cukes/cucumber-java/1.2.4/cucumber-java-1.2.4.jar:/Users/tsun/.m2/repository/info/cukes/cucumber-core/1.2.4/cucumber-core-1.2.4.jar:/Users/tsun/.m2/repository/info/cukes/cucumber-html/0.2.3/cucumber-html-0.2.3.jar:/Users/tsun/.m2/repository/info/cukes/cucumber-jvm-deps/1.0.5/cucumber-jvm-deps-1.0.5.jar:/Users/tsun/.m2/repository/info/cukes/gherkin/2.12.2/gherkin-2.12.2.jar:/Users/tsun/.m2/repository/info/cukes/cucumber-junit/1.2.4/cucumber-junit-1.2.4.jar:/Users/tsun/.m2/repository/commons-httpclient/commons-httpclient/3.1/commons-httpclient-3.1.jar:/Users/tsun/.m2/repository/commons-logging/commons-logging/1.0.4/commons-logging-1.0.4.jar:/Users/tsun/.m2/repository/commons-codec/commons-codec/1.2/commons-codec-1.2.jar:/Users/tsun/.m2/repository/io/cucumber/pro-plugin/2.1.0/pro-plugin-2.1.0.jar:/Users/tsun/.m2/repository/org/json/json/20140107/json-20140107.jar:/Users/tsun/.m2/repository/com/fasterxml/jackson/core/jackson-databind/2.9.8/jackson-databind-2.9.8.jar:/Users/tsun/.m2/repository/com/fasterxml/jackson/core/jackson-annotations/2.9.0/jackson-annotations-2.9.0.jar:/Users/tsun/.m2/repository/com/fasterxml/jackson/core/jackson-core/2.9.8/jackson-core-2.9.8.jar:"/>
    <property name="java.vm.vendor" value="Oracle Corporation"/>
    <property name="sun.arch.data.model" value="64"/>
    <property name="java.vendor.url" value="http://java.oracle.com/"/>
    <property name="user.timezone" value=""/>
    <property name="java.vm.specification.version" value="1.8"/>
    <property name="os.name" value="Mac OS X"/>
    <property name="user.country" value="US"/>
    <property name="sun.java.launcher" value="SUN_STANDARD"/>
    <property name="sun.boot.library.path" value="/Library/Java/JavaVirtualMachines/jdk1.8.0_221.jdk/Contents/Home/jre/lib"/>
    <property name="sun.java.command" value="/Users/tsun/workspace/projectone/target/surefire/surefirebooter7915411579110544079.jar /Users/tsun/workspace/projectone/target/surefire 2019-12-22T20-25-44_760-jvmRun1 surefire1736366531768319516tmp surefire_02731781586395612036tmp"/>
    <property name="http.nonProxyHosts" value="local|*.local|169.254/16|*.169.254/16"/>
    <property name="surefire.test.class.path" value="/Users/tsun/workspace/projectone/target/test-classes:/Users/tsun/workspace/projectone/target/classes:/Users/tsun/.m2/repository/junit/junit/4.12/junit-4.12.jar:/Users/tsun/.m2/repository/org/hamcrest/hamcrest-core/1.3/hamcrest-core-1.3.jar:/Users/tsun/.m2/repository/info/cukes/cucumber-java/1.2.4/cucumber-java-1.2.4.jar:/Users/tsun/.m2/repository/info/cukes/cucumber-core/1.2.4/cucumber-core-1.2.4.jar:/Users/tsun/.m2/repository/info/cukes/cucumber-html/0.2.3/cucumber-html-0.2.3.jar:/Users/tsun/.m2/repository/info/cukes/cucumber-jvm-deps/1.0.5/cucumber-jvm-deps-1.0.5.jar:/Users/tsun/.m2/repository/info/cukes/gherkin/2.12.2/gherkin-2.12.2.jar:/Users/tsun/.m2/repository/info/cukes/cucumber-junit/1.2.4/cucumber-junit-1.2.4.jar:/Users/tsun/.m2/repository/commons-httpclient/commons-httpclient/3.1/commons-httpclient-3.1.jar:/Users/tsun/.m2/repository/commons-logging/commons-logging/1.0.4/commons-logging-1.0.4.jar:/Users/tsun/.m2/repository/commons-codec/commons-codec/1.2/commons-codec-1.2.jar:/Users/tsun/.m2/repository/io/cucumber/pro-plugin/2.1.0/pro-plugin-2.1.0.jar:/Users/tsun/.m2/repository/org/json/json/20140107/json-20140107.jar:/Users/tsun/.m2/repository/com/fasterxml/jackson/core/jackson-databind/2.9.8/jackson-databind-2.9.8.jar:/Users/tsun/.m2/repository/com/fasterxml/jackson/core/jackson-annotations/2.9.0/jackson-annotations-2.9.0.jar:/Users/tsun/.m2/repository/com/fasterxml/jackson/core/jackson-core/2.9.8/jackson-core-2.9.8.jar:"/>
    <property name="sun.cpu.endian" value="little"/>
    <property name="user.home" value="/Users/tsun"/>
    <property name="user.language" value="en"/>
    <property name="java.specification.vendor" value="Oracle Corporation"/>
    <property name="java.home" value="/Library/Java/JavaVirtualMachines/jdk1.8.0_221.jdk/Contents/Home/jre"/>
    <property name="basedir" value="/Users/tsun/workspace/projectone"/>
    <property name="file.separator" value="/"/>
    <property name="line.separator" value="&#10;"/>
    <property name="java.vm.specification.vendor" value="Oracle Corporation"/>
    <property name="java.specification.name" value="Java Platform API Specification"/>
    <property name="java.awt.graphicsenv" value="sun.awt.CGraphicsEnvironment"/>
    <property name="surefire.real.class.path" value="/Users/tsun/workspace/projectone/target/surefire/surefirebooter7915411579110544079.jar"/>
    <property name="sun.boot.class.path" value="/Library/Java/JavaVirtualMachines/jdk1.8.0_221.jdk/Contents/Home/jre/lib/resources.jar:/Library/Java/JavaVirtualMachines/jdk1.8.0_221.jdk/Contents/Home/jre/lib/rt.jar:/Library/Java/JavaVirtualMachines/jdk1.8.0_221.jdk/Contents/Home/jre/lib/sunrsasign.jar:/Library/Java/JavaVirtualMachines/jdk1.8.0_221.jdk/Contents/Home/jre/lib/jsse.jar:/Library/Java/JavaVirtualMachines/jdk1.8.0_221.jdk/Contents/Home/jre/lib/jce.jar:/Library/Java/JavaVirtualMachines/jdk1.8.0_221.jdk/Contents/Home/jre/lib/charsets.jar:/Library/Java/JavaVirtualMachines/jdk1.8.0_221.jdk/Contents/Home/jre/lib/jfr.jar:/Library/Java/JavaVirtualMachines/jdk1.8.0_221.jdk/Contents/Home/jre/classes"/>
    <property name="sun.management.compiler" value="HotSpot 64-Bit Tiered Compilers"/>
    <property name="ftp.nonProxyHosts" value="local|*.local|169.254/16|*.169.254/16"/>
    <property name="java.runtime.version" value="1.8.0_221-b11"/>
    <property name="user.name" value="tsun"/>
    <property name="path.separator" value=":"/>
    <property name="os.version" value="10.14.5"/>
    <property name="java.endorsed.dirs" value="/Library/Java/JavaVirtualMachines/jdk1.8.0_221.jdk/Contents/Home/jre/lib/endorsed"/>
    <property name="java.runtime.name" value="Java(TM) SE Runtime Environment"/>
    <property name="file.encoding" value="UTF-8"/>
    <property name="java.vm.name" value="Java HotSpot(TM) 64-Bit Server VM"/>
    <property name="localRepository" value="/Users/tsun/.m2/repository"/>
    <property name="java.vendor.url.bug" value="http://bugreport.sun.com/bugreport/"/>
    <property name="java.io.tmpdir" value="/var/folders/lk/x2z3thbx3rd92nbzk7l7506cfbmbwg/T/"/>
    <property name="java.version" value="1.8.0_221"/>
    <property name="user.dir" value="/Users/tsun/workspace/projectone"/>
    <property name="os.arch" value="x86_64"/>
    <property name="java.vm.specification.name" value="Java Virtual Machine Specification"/>
    <property name="java.awt.printerjob" value="sun.lwawt.macosx.CPrinterJob"/>
    <property name="sun.os.patch.level" value="unknown"/>
    <property name="java.library.path" value="/Users/tsun/Library/Java/Extensions:/Library/Java/Extensions:/Network/Library/Java/Extensions:/System/Library/Java/Extensions:/usr/lib/java:."/>
    <property name="java.vm.info" value="mixed mode"/>
    <property name="java.vendor" value="Oracle Corporation"/>
    <property name="java.vm.version" value="25.221-b11"/>
    <property name="java.ext.dirs" value="/Users/tsun/Library/Java/Extensions:/Library/Java/JavaVirtualMachines/jdk1.8.0_221.jdk/Contents/Home/jre/lib/ext:/Library/Java/Extensions:/Network/Library/Java/Extensions:/System/Library/Java/Extensions:/usr/lib/java"/>
    <property name="sun.io.unicode.encoding" value="UnicodeBig"/>
    <property name="java.class.version" value="52.0"/>
    <property name="socksNonProxyHosts" value="local|*.local|169.254/16|*.169.254/16"/>
  </properties>
  <testcase name="Given The comment endpoint &quot;http://qainterview.merchante-solutions.com:3030/&quot;" classname="| 900 |" time="0"/>
  <testcase name="And Comment content type &quot;application/json; charset=utf-8&quot;" classname="| 900 |" time="0"/>
  <testcase name="Then Send comment 900" classname="| 900 |" time="0"/>
  <testcase name="And Update comment" classname="| 900 |" time="0"/>
  <testcase name="| 900 |" classname="| 900 |" time="0.001"/>
  <testcase name="Given The comment endpoint &quot;http://qainterview.merchante-solutions.com:3030/&quot;" classname="| 1000 |" time="0"/>
  <testcase name="And Comment content type &quot;application/json; charset=utf-8&quot;" classname="| 1000 |" time="0"/>
  <testcase name="Then Send comment 1000" classname="| 1000 |" time="0"/>
  <testcase name="And Update comment" classname="| 1000 |" time="0"/>
  <testcase name="| 1000 |" classname="| 1000 |" time="0"/>
  <testcase name="Given The comment endpoint &quot;http://qainterview.merchante-solutions.com:3030/&quot;" classname="| 1100 |" time="0"/>
  <testcase name="And Comment content type &quot;application/json; charset=utf-8&quot;" classname="| 1100 |" time="0"/>
  <testcase name="Then Send comment 1100" classname="| 1100 |" time="0.004">
    <error message="Server returned HTTP response code: 500 for URL: http://qainterview.merchante-solutions.com:3030/comments" type="java.io.IOException">java.io.IOException: Server returned HTTP response code: 500 for URL: http://qainterview.merchante-solutions.com:3030/comments
Caused by: java.io.IOException: Server returned HTTP response code: 500 for URL: http://qainterview.merchante-solutions.com:3030/comments
</error>
    <system-out><![CDATA[sending new comment *************************
generated 1195
range 1100: current 1195
Comments Object
comments [postId=1, id=4, name=alias odio sit, email=Lew@alysha.tv, body=something body]
Request ID 1195

Sending 'POST' request to URL : http://qainterview.merchante-solutions.com:3030/comments
Post parameters : {"postId":1195,"id":1195,"name":"alias odio sit","email":"Lew@alysha.tv","body":"something body"}
Response Code : 500
]]></system-out>
  </testcase>
  <testcase name="| 1100 |" classname="| 1100 |" time="0.004">
    <error message="Server returned HTTP response code: 500 for URL: http://qainterview.merchante-solutions.com:3030/comments" type="java.io.IOException">java.io.IOException: Server returned HTTP response code: 500 for URL: http://qainterview.merchante-solutions.com:3030/comments
Caused by: java.io.IOException: Server returned HTTP response code: 500 for URL: http://qainterview.merchante-solutions.com:3030/comments
</error>
  </testcase>
  <testcase name="And Update comment" classname="| 1100 |" time="0">
    <skipped/>
  </testcase>
  <testcase name="Given The comment endpoint &quot;http://qainterview.merchante-solutions.com:3030/&quot;" classname="| 1200 |" time="0"/>
  <testcase name="And Comment content type &quot;application/json; charset=utf-8&quot;" classname="| 1200 |" time="0"/>
  <testcase name="Then Send comment 1200" classname="| 1200 |" time="0"/>
  <testcase name="And Update comment" classname="| 1200 |" time="0"/>
  <testcase name="| 1200 |" classname="| 1200 |" time="0.001"/>
</testsuite>