<?xml version="1.0" encoding="UTF-8"?>
<!-- Generated by org.testng.reporters.JUnitReportReporter -->
<testsuite skipped="0" hostname="jimmy-PC" name="com.qainterview.testcases.HomePageTest" tests="2" failures="0" timestamp="07 Jan 2020 03:35:27 GMT" time="10.506" errors="0">
  <testcase name="verifyHomePageTitleTest" time="6.593" classname="com.qainterview.testcases.HomePageTest"/>
  <testcase name="verifyUsersLinkTest" time="3.913" classname="com.qainterview.testcases.HomePageTest"/>
</testsuite> <!-- com.qainterview.testcases.HomePageTest -->
