<?xml version="1.0" encoding="UTF-8"?>
<!-- Generated by org.testng.reporters.JUnitReportReporter -->
<testsuite skipped="0" hostname="jimmy-PC" name="com.qainterview.testcases.NewUserPageTest" tests="5" failures="0" timestamp="07 Jan 2020 03:35:27 GMT" time="18.835" errors="0">
  <testcase name="validateCreateNewUser_success" time="3.846" classname="com.qainterview.testcases.NewUserPageTest"/>
  <testcase name="verifyNewUserPageLabel" time="3.480" classname="com.qainterview.testcases.NewUserPageTest"/>
  <testcase name="validateCreateNewUser_failed_no_password" time="3.716" classname="com.qainterview.testcases.NewUserPageTest"/>
  <testcase name="validateCreateNewUser_failed_dup_username" time="3.763" classname="com.qainterview.testcases.NewUserPageTest"/>
  <testcase name="validateCreateNewUser_failed_dup_email" time="4.030" classname="com.qainterview.testcases.NewUserPageTest"/>
</testsuite> <!-- com.qainterview.testcases.NewUserPageTest -->
