<?xml version="1.0" encoding="UTF-8"?>
<!-- Generated by org.testng.reporters.JUnitReportReporter -->
<testsuite skipped="0" hostname="jimmy-PC" name="com.qainterview.testcases.QaInterviewTest" tests="1" failures="0" timestamp="07 Jan 2020 03:32:34 GMT" time="25.671" errors="0">
  <testcase name="qainterviewTitleTest" time="25.671" classname="com.qainterview.testcases.QaInterviewTest"/>
</testsuite> <!-- com.qainterview.testcases.QaInterviewTest -->
