<?xml version="1.0" encoding="UTF-8"?>
<!-- Generated by org.testng.reporters.JUnitReportReporter -->
<testsuite skipped="0" hostname="atl-tsun2.local" name="com.qainterview.testcases.HomePageTest" tests="2" failures="0" timestamp="03 Jan 2020 13:32:14 GMT" time="7.124" errors="0">
  <testcase name="verifyHomePageTitleTest" time="3.104" classname="com.qainterview.testcases.HomePageTest"/>
  <testcase name="verifyUsersLinkTest" time="4.020" classname="com.qainterview.testcases.HomePageTest"/>
</testsuite> <!-- com.qainterview.testcases.HomePageTest -->
