<?xml version="1.0" encoding="UTF-8"?>
<!-- Generated by org.testng.reporters.JUnitReportReporter -->
<testsuite skipped="0" hostname="atl-tsun2.local" name="com.qainterview.testcases.UsersPageTest" tests="1" failures="0" timestamp="03 Jan 2020 13:32:14 GMT" time="4.805" errors="0">
  <testcase name="verifyUserFilter" time="4.805" classname="com.qainterview.testcases.UsersPageTest"/>
</testsuite> <!-- com.qainterview.testcases.UsersPageTest -->
