<?xml version="1.0" encoding="UTF-8"?>
<!-- Generated by org.testng.reporters.JUnitReportReporter -->
<testsuite skipped="0" hostname="jimmy-PC" name="com.qainterview.testcases.NewUserPageTest" tests="5" failures="0" timestamp="07 Jan 2020 03:32:34 GMT" time="19.536" errors="0">
  <testcase name="validateCreateNewUser_success" time="4.228" classname="com.qainterview.testcases.NewUserPageTest"/>
  <testcase name="verifyNewUserPageLabel" time="3.727" classname="com.qainterview.testcases.NewUserPageTest"/>
  <testcase name="validateCreateNewUser_failed_no_password" time="4.035" classname="com.qainterview.testcases.NewUserPageTest"/>
  <testcase name="validateCreateNewUser_failed_dup_username" time="3.787" classname="com.qainterview.testcases.NewUserPageTest"/>
  <testcase name="validateCreateNewUser_failed_dup_email" time="3.759" classname="com.qainterview.testcases.NewUserPageTest"/>
</testsuite> <!-- com.qainterview.testcases.NewUserPageTest -->
