<?xml version="1.0" encoding="UTF-8"?>
<!-- Generated by org.testng.reporters.JUnitReportReporter -->
<testsuite skipped="0" hostname="atl-tsun2.local" name="com.qainterview.testcases.NewUserPageTest" tests="5" failures="0" timestamp="03 Jan 2020 13:32:14 GMT" time="22.842" errors="0">
  <testcase name="validateCreateNewUser_success" time="4.119" classname="com.qainterview.testcases.NewUserPageTest"/>
  <testcase name="validateCreateNewUser_failed_no_password" time="5.250" classname="com.qainterview.testcases.NewUserPageTest"/>
  <testcase name="verifyNewUserPageLabel" time="3.718" classname="com.qainterview.testcases.NewUserPageTest"/>
  <testcase name="validateCreateNewUser_failed_dup_username" time="4.703" classname="com.qainterview.testcases.NewUserPageTest"/>
  <testcase name="validateCreateNewUser_failed_dup_email" time="5.052" classname="com.qainterview.testcases.NewUserPageTest"/>
</testsuite> <!-- com.qainterview.testcases.NewUserPageTest -->
