<?xml version="1.0" encoding="UTF-8"?>
<!-- Generated by org.testng.reporters.JUnitReportReporter -->
<testsuite skipped="0" hostname="jimmy-PC" name="com.qainterview.testcases.UsersPageTest" tests="1" failures="0" timestamp="07 Jan 2020 03:32:34 GMT" time="5.405" errors="0">
  <testcase name="verifyUserFilter" time="5.405" classname="com.qainterview.testcases.UsersPageTest"/>
</testsuite> <!-- com.qainterview.testcases.UsersPageTest -->
