<?xml version="1.0" encoding="UTF-8"?>
<!-- Generated by org.testng.reporters.JUnitReportReporter -->
<testsuite skipped="0" hostname="atl-tsun2.local" name="com.qainterview.testcases.QaInterviewTest" tests="1" failures="0" timestamp="03 Jan 2020 13:32:14 GMT" time="25.302" errors="0">
  <testcase name="qainterviewTitleTest" time="25.302" classname="com.qainterview.testcases.QaInterviewTest"/>
</testsuite> <!-- com.qainterview.testcases.QaInterviewTest -->
