<?xml version="1.0" encoding="UTF-8"?>
<!-- Generated by org.testng.reporters.JUnitReportReporter -->
<testsuite skipped="0" hostname="atl-tsun2.local" name="com.qainterview.testcases.QaInterviewTest" tests="1" failures="0" timestamp="29 Dec 2019 20:08:58 GMT" time="24.134" errors="0">
  <testcase name="qainterviewTitleTest" time="24.134" classname="com.qainterview.testcases.QaInterviewTest"/>
</testsuite> <!-- com.qainterview.testcases.QaInterviewTest -->
